<?xml version="1.0" encoding="UTF-8"?>
<testsuite xmlns:xsi="http://www.w3.org/2001/XMLSchema-instance" xsi:schemaLocation="https://maven.apache.org/surefire/maven-surefire-plugin/xsd/surefire-test-report.xsd" name="cucumberOptions.TestRunner" time="119.474" tests="26" errors="0" skipped="2" failures="2">
  <properties>
    <property name="java.vendor" value="Oracle Corporation"/>
    <property name="JOB_NAME" value="test"/>
    <property name="sun.java.launcher" value="SUN_STANDARD"/>
    <property name="NUMBER_OF_PROCESSORS" value="4"/>
    <property name="sun.management.compiler" value="HotSpot 64-Bit Tiered Compilers"/>
    <property name="DEFLOGDIR" value="C:\ProgramData\McAfee\Endpoint Security\Logs"/>
    <property name="JENKINS_HOME" value="C:\Users\astelang\.jenkins"/>
    <property name="HUDSON_SERVER_COOKIE" value="fb607ca5dd62c0fa"/>
    <property name="os.name" value="Windows 10"/>
    <property name="sun.boot.class.path" value="C:\Program Files\Java\jdk1.8.0_211\jre\lib\resources.jar;C:\Program Files\Java\jdk1.8.0_211\jre\lib\rt.jar;C:\Program Files\Java\jdk1.8.0_211\jre\lib\sunrsasign.jar;C:\Program Files\Java\jdk1.8.0_211\jre\lib\jsse.jar;C:\Program Files\Java\jdk1.8.0_211\jre\lib\jce.jar;C:\Program Files\Java\jdk1.8.0_211\jre\lib\charsets.jar;C:\Program Files\Java\jdk1.8.0_211\jre\lib\jfr.jar;C:\Program Files\Java\jdk1.8.0_211\jre\classes"/>
    <property name="EXECUTOR_NUMBER" value="0"/>
    <property name="sun.desktop" value="windows"/>
    <property name="PATHEXT" value=".COM;.EXE;.BAT;.CMD;.VBS;.VBE;.JS;.JSE;.WSF;.WSH;.MSC"/>
    <property name="java.vm.specification.vendor" value="Oracle Corporation"/>
    <property name="NODE_LABELS" value="master"/>
    <property name="TEMP" value="C:\Users\astelang\AppData\Local\Temp"/>
    <property name="java.runtime.version" value="1.8.0_211-b12"/>
    <property name="user.name" value="astelang"/>
    <property name="guice.disable.misplaced.annotation.check" value="true"/>
    <property name="CommonProgramW6432" value="C:\Program Files\Common Files"/>
    <property name="ProgramFiles" value="C:\Program Files (x86)"/>
    <property name="PROMPT" value="$P$G"/>
    <property name="user.language" value="en"/>
    <property name="JOB_BASE_NAME" value="test"/>
    <property name="RUN_CHANGES_DISPLAY_URL" value="http://localhost:9090/job/test/1/display/redirect?page=changes"/>
    <property name="M2" value="D:\Dev_Programs\apache-maven-3.5.4\bin"/>
    <property name="BUILD_DISPLAY_NAME" value="#1"/>
    <property name="sun.boot.library.path" value="C:\Program Files\Java\jdk1.8.0_211\jre\bin"/>
    <property name="LOCALAPPDATA" value="C:\Users\astelang\AppData\Local"/>
    <property name="java.version" value="1.8.0_211"/>
    <property name="PROCESSOR_LEVEL" value="6"/>
    <property name="user.timezone" value="Asia/Calcutta"/>
    <property name="USERNAME" value="astelang"/>
    <property name="sun.arch.data.model" value="64"/>
    <property name="NODE_NAME" value="master"/>
    <property name="PROCESSOR_ARCHITEW6432" value="AMD64"/>
    <property name="java.endorsed.dirs" value="C:\Program Files\Java\jdk1.8.0_211\jre\lib\endorsed"/>
    <property name="BUILD_ID" value="1"/>
    <property name="sun.cpu.isalist" value="amd64"/>
    <property name="sun.jnu.encoding" value="Cp1252"/>
    <property name="file.encoding.pkg" value="sun.io"/>
    <property name="file.separator" value="\"/>
    <property name="java.specification.name" value="Java Platform API Specification"/>
    <property name="HOMEDRIVE" value="C:"/>
    <property name="maven.conf" value="D:\Dev_Programs\apache-maven-3.5.4\conf"/>
    <property name="java.class.version" value="52.0"/>
    <property name="=::" value="::\"/>
    <property name="org.slf4j.simpleLogger.defaultLogLevel" value="info"/>
    <property name="user.country" value="US"/>
    <property name="LR_PATH" value="C:\Program Files (x86)\HP\LoadRunner\"/>
    <property name="LOG_FILE" value="C:\Users\astelang\AppData\Local\Temp\\ihp_custom_batches.log"/>
    <property name="ALLUSERSPROFILE" value="C:\ProgramData"/>
    <property name="java.home" value="C:\Program Files\Java\jdk1.8.0_211\jre"/>
    <property name="java.vm.info" value="mixed mode"/>
    <property name="os.version" value="10.0"/>
    <property name="MW_HOME" value="C:\OracleATS\wls"/>
    <property name="=ExitCode" value="00000001"/>
    <property name="RUN_DISPLAY_URL" value="http://localhost:9090/job/test/1/display/redirect"/>
    <property name="TMP" value="C:\Users\astelang\AppData\Local\Temp"/>
    <property name="HELPER_SERVICE_PORT" value="7979"/>
    <property name="path.separator" value=";"/>
    <property name="java.vm.version" value="25.211-b12"/>
    <property name="user.variant" value=""/>
    <property name="JOB_DISPLAY_URL" value="http://localhost:9090/job/test/display/redirect"/>
    <property name="CommonProgramFiles(x86)" value="C:\Program Files (x86)\Common Files"/>
    <property name="VUGEN_PATH" value="C:\Program Files (x86)\HP\LoadRunner\"/>
    <property name="USERDOMAIN_ROAMINGPROFILE" value="ASTELANG-LAP"/>
    <property name="java.awt.printerjob" value="sun.awt.windows.WPrinterJob"/>
    <property name="JAVA_HOME" value="C:\Program Files\Java\jdk1.8.0_211"/>
    <property name="sun.io.unicode.encoding" value="UnicodeLittle"/>
    <property name="CommonProgramFiles" value="C:\Program Files (x86)\Common Files"/>
    <property name="ComSpec" value="C:\WINDOWS\system32\cmd.exe"/>
    <property name="awt.toolkit" value="sun.awt.windows.WToolkit"/>
    <property name="HOMEPATH" value="\Users\astelang"/>
    <property name="user.script" value=""/>
    <property name="COMPUTERNAME" value="ASTELANG-LAP"/>
    <property name="user.home" value="C:\Users\astelang"/>
    <property name="PUBLIC" value="C:\Users\Public"/>
    <property name="BUILD_TAG" value="jenkins-test-1"/>
    <property name="JENKINS_SERVER_COOKIE" value="fb607ca5dd62c0fa"/>
    <property name="HUDSON_URL" value="http://localhost:9090/"/>
    <property name="ProgramData" value="C:\ProgramData"/>
    <property name="java.specification.vendor" value="Oracle Corporation"/>
    <property name="USERPROFILE" value="C:\Users\astelang"/>
    <property name="CLASSPATH" value=""/>
    <property name="java.vendor.url" value="http://java.oracle.com/"/>
    <property name="java.library.path" value="C:\Program Files\Java\jdk1.8.0_211\bin;C:\WINDOWS\Sun\Java\bin;C:\WINDOWS\system32;C:\WINDOWS;D:\Dev_Programs\apache-maven-3.5.4/bin;C:\Program Files\Java\jdk1.8.0_211/bin;C:\Program Files\Java\jdk1.8.0_211/bin;C:\oraclexe\app\oracle\product\11.2.0\server\bin;C:\Program Files (x86)\Common Files\Oracle\Java\javapath;C:\Program Files (x86)\HP\NV\lib\shunra\vcat;C:\WINDOWS\system32;C:\WINDOWS;C:\WINDOWS\System32\Wbem;C:\WINDOWS\System32\WindowsPowerShell\v1.0\;C:\Program Files\TortoiseSVN\bin;C:\Program Files (x86)\Sennheiser\SoftphoneSDK\;C:\Program Files\SourceGear\Common\DiffMerge\;D:\Dev_Programs\apache-maven-3.5.4\bin;C:\Program Files\Java\jre1.8.0_181\bin;C:\Program Files (x86)\HP\LoadRunner\strawberry-perl\perl\bin;C:\Program Files (x86)\HP\NV\lib\thirdparty\safenet\LDK\7.0;C:\Program Files (x86)\HP\NV\lib\shunra\snv;C:\WINDOWS\System32\OpenSSH\;C:\Program Files\Java\jdk1.8.0_211\bin;C:\Users\astelang\AppData\Local\Microsoft\WindowsApps;;."/>
    <property name="java.vm.vendor" value="Oracle Corporation"/>
    <property name="APPDATA" value="C:\Users\astelang\AppData\Roaming"/>
    <property name="java.runtime.name" value="Java(TM) SE Runtime Environment"/>
    <property name="maven.home" value="D:\Dev_Programs\apache-maven-3.5.4"/>
    <property name="java.class.path" value="C:\Users\astelang\.jenkins\plugins\maven-plugin\WEB-INF\lib\maven35-agent-1.13.jar;D:\Dev_Programs\apache-maven-3.5.4\boot\plexus-classworlds-2.5.2.jar;D:\Dev_Programs\apache-maven-3.5.4/conf/logging"/>
    <property name="sun.java.command" value="jenkins.maven3.agent.Maven35Main D:\Dev_Programs\apache-maven-3.5.4 C:\Users\astelang\.jenkins\war\WEB-INF\lib\remoting-3.29.jar C:\Users\astelang\.jenkins\plugins\maven-plugin\WEB-INF\lib\maven35-interceptor-1.13.jar C:\Users\astelang\.jenkins\plugins\maven-plugin\WEB-INF\lib\maven3-interceptor-commons-1.13.jar 7190"/>
    <property name="LG_PATH" value="C:\Program Files (x86)\HP\LoadRunner\"/>
    <property name="Path" value="C:\Program Files\Java\jdk1.8.0_211/bin;C:\oraclexe\app\oracle\product\11.2.0\server\bin;C:\Program Files (x86)\Common Files\Oracle\Java\javapath;C:\Program Files (x86)\HP\NV\lib\shunra\vcat;C:\WINDOWS\system32;C:\WINDOWS;C:\WINDOWS\System32\Wbem;C:\WINDOWS\System32\WindowsPowerShell\v1.0\;C:\Program Files\TortoiseSVN\bin;C:\Program Files (x86)\Sennheiser\SoftphoneSDK\;C:\Program Files\SourceGear\Common\DiffMerge\;D:\Dev_Programs\apache-maven-3.5.4\bin;C:\Program Files\Java\jre1.8.0_181\bin;C:\Program Files (x86)\HP\LoadRunner\strawberry-perl\perl\bin;C:\Program Files (x86)\HP\NV\lib\thirdparty\safenet\LDK\7.0;C:\Program Files (x86)\HP\NV\lib\shunra\snv;C:\WINDOWS\System32\OpenSSH\;C:\Program Files\Java\jdk1.8.0_211\bin;C:\Users\astelang\AppData\Local\Microsoft\WindowsApps;"/>
    <property name="java.vm.specification.name" value="Java Virtual Machine Specification"/>
    <property name="PROCESSOR_ARCHITECTURE" value="x86"/>
    <property name="PATH+JDK" value="C:\Program Files\Java\jdk1.8.0_211/bin"/>
    <property name="PROCESSOR_IDENTIFIER" value="Intel64 Family 6 Model 78 Stepping 3, GenuineIntel"/>
    <property name="SESSIONNAME" value="Console"/>
    <property name="java.vm.specification.version" value="1.8"/>
    <property name="sun.os.patch.level" value=""/>
    <property name="sun.cpu.endian" value="little"/>
    <property name="M2_HOME" value="D:\Dev_Programs\apache-maven-3.5.4"/>
    <property name="java.io.tmpdir" value="C:\Users\astelang\AppData\Local\Temp\"/>
    <property name="OS" value="Windows_NT"/>
    <property name="HUDSON_HOME" value="C:\Users\astelang\.jenkins"/>
    <property name="PATH+MAVEN" value="D:\Dev_Programs\apache-maven-3.5.4/bin"/>
    <property name="ProgramFiles(x86)" value="C:\Program Files (x86)"/>
    <property name="BUILD_URL" value="http://localhost:9090/job/test/1/"/>
    <property name="java.vendor.url.bug" value="http://bugreport.sun.com/bugreport/"/>
    <property name="java.awt.graphicsenv" value="sun.awt.Win32GraphicsEnvironment"/>
    <property name="os.arch" value="amd64"/>
    <property name="SystemRoot" value="C:\WINDOWS"/>
    <property name="java.ext.dirs" value="C:\Program Files\Java\jdk1.8.0_211\jre\lib\ext;C:\WINDOWS\Sun\Java\lib\ext"/>
    <property name="user.dir" value="C:\Users\astelang\eclipse-workspace\test"/>
    <property name="JOB_URL" value="http://localhost:9090/job/test/"/>
    <property name="LOGONSERVER" value="\\ASTELANG-LAP"/>
    <property name="USERDOMAIN" value="ASTELANG-LAP"/>
    <property name="line.separator" value="&#10;"/>
    <property name="MAVEN_HOME" value="D:\Dev_Programs\apache-maven-3.5.4"/>
    <property name="java.vm.name" value="Java HotSpot(TM) 64-Bit Server VM"/>
    <property name="BUILD_NUMBER" value="1"/>
    <property name="JENKINS_URL" value="http://localhost:9090/"/>
    <property name="PROCESSOR_REVISION" value="4e03"/>
    <property name="ProgramW6432" value="C:\Program Files"/>
    <property name="ANALYSIS_PATH" value="C:\Program Files (x86)\HP\LoadRunner\"/>
    <property name="windir" value="C:\WINDOWS"/>
    <property name="=C:" value="C:\Program Files (x86)\Jenkins"/>
    <property name="file.encoding" value="Cp1252"/>
    <property name="SystemDrive" value="C:"/>
    <property name="maven3.interceptor" value="C:\Users\astelang\.jenkins\plugins\maven-plugin\WEB-INF\lib\maven35-interceptor-1.13.jar"/>
    <property name="OATS_HOME" value="C:\OracleATS"/>
    <property name="WL_HOME" value="C:\OracleATS\wls\wlserver"/>
    <property name="WORKSPACE" value="C:\Users\astelang\.jenkins\workspace\test"/>
    <property name="maven3.interceptor.common" value="C:\Users\astelang\.jenkins\plugins\maven-plugin\WEB-INF\lib\maven3-interceptor-commons-1.13.jar"/>
    <property name="java.specification.version" value="1.8"/>
    <property name="PSModulePath" value="C:\Program Files\WindowsPowerShell\Modules;C:\WINDOWS\system32\WindowsPowerShell\v1.0\Modules"/>
    <property name="DriverData" value="C:\Windows\System32\Drivers\DriverData"/>
  </properties>
  <testcase name="Given User on the Home Page of openweathermaps Website" classname="Scenario: Weather Conditions in different cities" time="0.006"/>
  <testcase name="Given User on the Home Page of openweathermaps Website" classname="Scenario: Weather Conditions in different cities" time="0.001"/>
  <testcase name="Given User on the Home Page of openweathermaps Website" classname="Scenario: Weather Conditions in different cities" time="0.001"/>
  <testcase name="When User verify OpenWeather logo is present on openweathermaps Website" classname="Scenario: Weather Conditions in different cities" time="0"/>
  <testcase name="And User Clicks on Weather in your city input search box" classname="Scenario: Weather Conditions in different cities" time="0.001"/>
  <testcase name="And Enter City Name as &quot;Hyderabad&quot;" classname="Scenario: Weather Conditions in different cities" time="0"/>
  <testcase name="And User clicks on search once the City details entered" classname="Scenario: Weather Conditions in different cities" time="0.001"/>
  <testcase name="Then &quot;Hyderabad&quot; City Weather details should get displayed" classname="Scenario: Weather Conditions in different cities" time="0"/>
  <testcase name="And User clicks on Sign in button and Sign in form details should get display" classname="Scenario: Weather Conditions in different cities" time="0"/>
  <testcase name="And User clicks on Sign up button and Sign up details should get display" classname="Scenario: Weather Conditions in different cities" time="0"/>
  <testcase name="And User clicks on Weather button to come on Home Page" classname="Scenario: Weather Conditions in different cities" time="0"/>
  <testcase name="When User clicks on C button displaying on the Top window" classname="Scenario: Weather Conditions in different cities" time="0"/>
  <testcase name="Then &quot;C&quot; temperature gets display for the City" classname="Scenario: Weather Conditions in different cities" time="0.033">
    <failure type="java.lang.AssertionError">java.lang.AssertionError
</failure>
  </testcase>
  <testcase name="Scenario: Weather Conditions in different cities" classname="Scenario: Weather Conditions in different cities" time="0.033">
    <failure type="java.lang.AssertionError">java.lang.AssertionError
</failure>
  </testcase>
  <testcase name="Scenario: Weather Conditions in different cities" classname="Scenario: Weather Conditions in different cities" time="0.001"/>
  <testcase name="Scenario: Weather Conditions in different cities" classname="Scenario: Weather Conditions in different cities" time="0.002"/>
  <testcase name="And if the User clicks on F button displaying on the Top window" classname="Scenario: Weather Conditions in different cities" time="0">
    <skipped/>
  </testcase>
  <testcase name="Then &quot;F&quot; temperature should display for the City" classname="Scenario: Weather Conditions in different cities" time="0">
    <skipped/>
  </testcase>
  <testcase name="When without Name &quot;df6d7f6&quot;" classname="Scenario: Weather Conditions in different cities" time="0"/>
  <testcase name="And USer clicks on search" classname="Scenario: Weather Conditions in different cities" time="0.001"/>
  <testcase name="And USer clicks on search" classname="Scenario: Weather Conditions in different cities" time="0"/>
  <testcase name="Then &quot;Not found&quot; Weather Condition should not get displayed" classname="Scenario: Weather Conditions in different cities" time="0"/>
  <testcase name="And User clicks on Weather to come on Home Page" classname="Scenario: Weather Conditions in different cities" time="0.001"/>
  <testcase name="And User clicks on Weather to come on Home Page" classname="Scenario: Weather Conditions in different cities" time="0"/>
  <testcase name="When User enters the City Name as &quot;Mumbai&quot;" classname="Scenario: Weather Conditions in different cities" time="0.001"/>
  <testcase name="Then &quot;Mumbai&quot; Weather Condition should get displayed" classname="Scenario: Weather Conditions in different cities" time="0"/>
</testsuite>